Execution finished
Printing results : 
Cache:Results
Cache:TotalAccess	1025020314
Cache:TotalHits	986194720
Cache:TotalMiss	38825594
Cache:MissRate	3.78779%
Cache:Eviction	38824570
Cache:BlockClassification
Cache:FetchedBlocks	38825594
Cache:DeadBlocks	12847818	33.0911%
Cache:ROBlocks	9961415	25.6568%
Cache:WOBlocks	11400929	29.3645%
Cache:RWBlocks	4615432	11.8876%
Cache:instructionsDistribution
Cache:DATA_READ	745335364
Cache:DATA_WRITE	254664636
Cache:DATA_PREFETCH	25020314
***************
Prefetcher:Stats
Prefetcher:issuedPrefetch	25020314
Prefetcher:hitPrefecth	18106973
Prefetcher:prefetchErrors	6913341
MainMem:ReadFetch	7611108
MainMem:WriteFetch	6472573
MainMem:CleanWB	17494947
MainMem:DirtyWB	21329623
